# JRE version: OpenJDK Runtime Environment (8.0_112-b06) (build 1.8.0_112-release-b06)
# Java VM: OpenJDK 64-Bit Server VM (25.112-b06 mixed mode windows-amd64 compressed oops)
Heap:
 PSYoungGen      total 427008K, used 46879K [0x00000000e0000000, 0x00000000ff600000, 0x0000000100000000)
  eden space 342016K, 13% used [0x00000000e0000000,0x00000000e2dc7d00,0x00000000f4e00000)
  from space 84992K, 0% used [0x00000000f4e00000,0x00000000f4e00000,0x00000000fa100000)
  to   space 81408K, 0% used [0x00000000fa680000,0x00000000fa680000,0x00000000ff600000)
 ParOldGen       total 1030144K, used 628354K [0x00000000a0000000, 0x00000000dee00000, 0x00000000e0000000)
  object space 1030144K, 60% used [0x00000000a0000000,0x00000000c65a0bc8,0x00000000dee00000)
 Metaspace       used 83197K, capacity 87470K, committed 87552K, reserved 1126400K
  class space    used 10077K, capacity 10942K, committed 11008K, reserved 1048576K
GC Heap History (10 events):
Event: 132.536 GC heap before
{Heap before GC invocations=52 (full 7):
 PSYoungGen      total 433152K, used 386020K [0x00000000e0000000, 0x0000000100000000, 0x0000000100000000)
  eden space 338944K, 100% used [0x00000000e0000000,0x00000000f4b00000,0x00000000f4b00000)
  from space 94208K, 49% used [0x00000000fa400000,0x00000000fd1f92d8,0x0000000100000000)
  to   space 91136K, 0% used [0x00000000f4b00000,0x00000000f4b00000,0x00000000fa400000)
 ParOldGen       total 952320K, used 726288K [0x00000000a0000000, 0x00000000da200000, 0x00000000e0000000)
  object space 952320K, 76% used [0x00000000a0000000,0x00000000cc544228,0x00000000da200000)
 Metaspace       used 82750K, capacity 86990K, committed 87296K, reserved 1126400K
  class space    used 10060K, capacity 10910K, committed 11008K, reserved 1048576K
Event: 132.615 GC heap after
Heap after GC invocations=52 (full 7):
 PSYoungGen      total 386048K, used 46880K [0x00000000e0000000, 0x00000000ff700000, 0x0000000100000000)
  eden space 338944K, 0% used [0x00000000e0000000,0x00000000e0000000,0x00000000f4b00000)
  from space 47104K, 99% used [0x00000000f4b00000,0x00000000f78c83b0,0x00000000f7900000)
  to   space 88064K, 0% used [0x00000000fa100000,0x00000000fa100000,0x00000000ff700000)
 ParOldGen       total 952320K, used 772005K [0x00000000a0000000, 0x00000000da200000, 0x00000000e0000000)
  object space 952320K, 81% used [0x00000000a0000000,0x00000000cf1e95a0,0x00000000da200000)
 Metaspace       used 82750K, capacity 86990K, committed 87296K, reserved 1126400K
  class space    used 10060K, capacity 10910K, committed 11008K, reserved 1048576K
}
Event: 132.965 GC heap before
{Heap before GC invocations=53 (full 7):
 PSYoungGen      total 386048K, used 385824K [0x00000000e0000000, 0x00000000ff700000, 0x0000000100000000)
  eden space 338944K, 100% used [0x00000000e0000000,0x00000000f4b00000,0x00000000f4b00000)
  from space 47104K, 99% used [0x00000000f4b00000,0x00000000f78c83b0,0x00000000f7900000)
  to   space 88064K, 0% used [0x00000000fa100000,0x00000000fa100000,0x00000000ff700000)
 ParOldGen       total 952320K, used 772005K [0x00000000a0000000, 0x00000000da200000, 0x00000000e0000000)
  object space 952320K, 81% used [0x00000000a0000000,0x00000000cf1e95a0,0x00000000da200000)
 Metaspace       used 82750K, capacity 86990K, committed 87296K, reserved 1126400K
  class space    used 10060K, capacity 10910K, committed 11008K, reserved 1048576K
Event: 133.050 GC heap after
Heap after GC invocations=53 (full 7):
 PSYoungGen      total 430080K, used 48563K [0x00000000e0000000, 0x0000000100000000, 0x0000000100000000)
  eden space 342016K, 0% used [0x00000000e0000000,0x00000000e0000000,0x00000000f4e00000)
  from space 88064K, 55% used [0x00000000fa100000,0x00000000fd06ce50,0x00000000ff700000)
  to   space 84992K, 0% used [0x00000000f4e00000,0x00000000f4e00000,0x00000000fa100000)
 ParOldGen       total 952320K, used 817386K [0x00000000a0000000, 0x00000000da200000, 0x00000000e0000000)
  object space 952320K, 85% used [0x00000000a0000000,0x00000000d1e3abb0,0x00000000da200000)
 Metaspace       used 82750K, capacity 86990K, committed 87296K, reserved 1126400K
  class space    used 10060K, capacity 10910K, committed 11008K, reserved 1048576K
}
Event: 133.407 GC heap before
{Heap before GC invocations=54 (full 7):
 PSYoungGen      total 430080K, used 390579K [0x00000000e0000000, 0x0000000100000000, 0x0000000100000000)
  eden space 342016K, 100% used [0x00000000e0000000,0x00000000f4e00000,0x00000000f4e00000)
  from space 88064K, 55% used [0x00000000fa100000,0x00000000fd06ce50,0x00000000ff700000)
  to   space 84992K, 0% used [0x00000000f4e00000,0x00000000f4e00000,0x00000000fa100000)
 ParOldGen       total 952320K, used 817386K [0x00000000a0000000, 0x00000000da200000, 0x00000000e0000000)
  object space 952320K, 85% used [0x00000000a0000000,0x00000000d1e3abb0,0x00000000da200000)
 Metaspace       used 82776K, capacity 86990K, committed 87296K, reserved 1126400K
  class space    used 10061K, capacity 10910K, committed 11008K, reserved 1048576K
Event: 133.513 GC heap after
Heap after GC invocations=54 (full 7):
 PSYoungGen      total 427008K, used 50070K [0x00000000e0000000, 0x00000000ff600000, 0x0000000100000000)
  eden space 342016K, 0% used [0x00000000e0000000,0x00000000e0000000,0x00000000f4e00000)
  from space 84992K, 58% used [0x00000000f4e00000,0x00000000f7ee5bf0,0x00000000fa100000)
  to   space 81408K, 0% used [0x00000000fa680000,0x00000000fa680000,0x00000000ff600000)
 ParOldGen       total 952320K, used 864274K [0x00000000a0000000, 0x00000000da200000, 0x00000000e0000000)
  object space 952320K, 90% used [0x00000000a0000000,0x00000000d4c04ae8,0x00000000da200000)
 Metaspace       used 82776K, capacity 86990K, committed 87296K, reserved 1126400K
  class space    used 10061K, capacity 10910K, committed 11008K, reserved 1048576K
}
Event: 133.513 GC heap before
{Heap before GC invocations=55 (full 8):
 PSYoungGen      total 427008K, used 50070K [0x00000000e0000000, 0x00000000ff600000, 0x0000000100000000)
  eden space 342016K, 0% used [0x00000000e0000000,0x00000000e0000000,0x00000000f4e00000)
  from space 84992K, 58% used [0x00000000f4e00000,0x00000000f7ee5bf0,0x00000000fa100000)
  to   space 81408K, 0% used [0x00000000fa680000,0x00000000fa680000,0x00000000ff600000)
 ParOldGen       total 952320K, used 864274K [0x00000000a0000000, 0x00000000da200000, 0x00000000e0000000)
  object space 952320K, 90% used [0x00000000a0000000,0x00000000d4c04ae8,0x00000000da200000)
 Metaspace       used 82776K, capacity 86990K, committed 87296K, reserved 1126400K
  class space    used 10061K, capacity 10910K, committed 11008K, reserved 1048576K
Event: 136.938 GC heap after
Heap after GC invocations=55 (full 8):
 PSYoungGen      total 427008K, used 0K [0x00000000e0000000, 0x00000000ff600000, 0x0000000100000000)
  eden space 342016K, 0% used [0x00000000e0000000,0x00000000e0000000,0x00000000f4e00000)
  from space 84992K, 0% used [0x00000000f4e00000,0x00000000f4e00000,0x00000000fa100000)
  to   space 81408K, 0% used [0x00000000fa680000,0x00000000fa680000,0x00000000ff600000)
 ParOldGen       total 952320K, used 901152K [0x00000000a0000000, 0x00000000da200000, 0x00000000e0000000)
  object space 952320K, 94% used [0x00000000a0000000,0x00000000d7008100,0x00000000da200000)
 Metaspace       used 82776K, capacity 86990K, committed 87296K, reserved 1126400K
  class space    used 10061K, capacity 10910K, committed 11008K, reserved 1048576K
}
Event: 138.925 GC heap before
{Heap before GC invocations=56 (full 9):
 PSYoungGen      total 427008K, used 342014K [0x00000000e0000000, 0x00000000ff600000, 0x0000000100000000)
  eden space 342016K, 99% used [0x00000000e0000000,0x00000000f4dffb28,0x00000000f4e00000)
  from space 84992K, 0% used [0x00000000f4e00000,0x00000000f4e00000,0x00000000fa100000)
  to   space 81408K, 0% used [0x00000000fa680000,0x00000000fa680000,0x00000000ff600000)
 ParOldGen       total 952320K, used 901152K [0x00000000a0000000, 0x00000000da200000, 0x00000000e0000000)
  object space 952320K, 94% used [0x00000000a0000000,0x00000000d7008100,0x00000000da200000)
 Metaspace       used 83193K, capacity 87406K, committed 87552K, reserved 1126400K
  class space    used 10077K, capacity 10942K, committed 11008K, reserved 1048576K
Event: 141.894 GC heap after
Heap after GC invocations=56 (full 9):
 PSYoungGen      total 427008K, used 0K [0x00000000e0000000, 0x00000000ff600000, 0x0000000100000000)
  eden space 342016K, 0% used [0x00000000e0000000,0x00000000e0000000,0x00000000f4e00000)
  from space 84992K, 0% used [0x00000000f4e00000,0x00000000f4e00000,0x00000000fa100000)
  to   space 81408K, 0% used [0x00000000fa680000,0x00000000fa680000,0x00000000ff600000)
 ParOldGen       total 1030144K, used 628354K [0x00000000a0000000, 0x00000000dee00000, 0x00000000e0000000)
  object space 1030144K, 60% used [0x00000000a0000000,0x00000000c65a0bc8,0x00000000dee00000)
 Metaspace       used 83193K, capacity 87406K, committed 87552K, reserved 1126400K
  class space    used 10077K, capacity 10942K, committed 11008K, reserved 1048576K
}

